<?xml version="1.0" encoding="UTF-8"?>
<testsuite name="edu.sabanciuniv.howudoin.HowudoinApplicationTests" tests="1" skipped="0" failures="0" errors="0" timestamp="2024-12-27T19:19:43" hostname="192.168.1.63" time="0.375">
  <properties/>
  <testcase name="contextLoads()" classname="edu.sabanciuniv.howudoin.HowudoinApplicationTests" time="0.375"/>
  <system-out><![CDATA[22:19:42.362 [Test worker] INFO org.springframework.test.context.support.AnnotationConfigContextLoaderUtils -- Could not detect default configuration classes for test class [edu.sabanciuniv.howudoin.HowudoinApplicationTests]: HowudoinApplicationTests does not declare any static, non-private, non-final, nested classes annotated with @Configuration.
22:19:42.416 [Test worker] INFO org.springframework.boot.test.context.SpringBootTestContextBootstrapper -- Found @SpringBootConfiguration edu.sabanciuniv.howudoin.HowudoinApplication for test class edu.sabanciuniv.howudoin.HowudoinApplicationTests

  .   ____          _            __ _ _
 /\\ / ___'_ __ _ _(_)_ __  __ _ \ \ \ \
( ( )\___ | '_ | '_| | '_ \/ _` | \ \ \ \
 \\/  ___)| |_)| | | | | || (_| |  ) ) ) )
  '  |____| .__|_| |_|_| |_\__, | / / / /
 =========|_|==============|___/=/_/_/_/
 :: Spring Boot ::                (v3.2.1)

2024-12-27T22:19:42.548+03:00  INFO 9350 --- [Howudoin] [    Test worker] e.s.howudoin.HowudoinApplicationTests    : Starting HowudoinApplicationTests using Java 17.0.13 with PID 9350 (started by tolgabasak in /Users/tolgabasak/Downloads/cs310-fall2024-group-project-main/backend)
2024-12-27T22:19:42.549+03:00  INFO 9350 --- [Howudoin] [    Test worker] e.s.howudoin.HowudoinApplicationTests    : No active profile set, falling back to 1 default profile: "default"
2024-12-27T22:19:42.891+03:00  INFO 9350 --- [Howudoin] [    Test worker] .s.d.r.c.RepositoryConfigurationDelegate : Bootstrapping Spring Data MongoDB repositories in DEFAULT mode.
2024-12-27T22:19:42.911+03:00  INFO 9350 --- [Howudoin] [    Test worker] .s.d.r.c.RepositoryConfigurationDelegate : Finished Spring Data repository scanning in 17 ms. Found 5 MongoDB repository interfaces.
2024-12-27T22:19:43.066+03:00  INFO 9350 --- [Howudoin] [    Test worker] org.mongodb.driver.client                : MongoClient with metadata {"driver": {"name": "mongo-java-driver|sync|spring-boot", "version": "4.11.1"}, "os": {"type": "Darwin", "name": "Mac OS X", "architecture": "aarch64", "version": "15.0"}, "platform": "Java/Homebrew/17.0.13+0"} created with settings MongoClientSettings{readPreference=primary, writeConcern=WriteConcern{w=null, wTimeout=null ms, journal=null}, retryWrites=true, retryReads=true, readConcern=ReadConcern{level=null}, credential=null, transportSettings=null, streamFactoryFactory=null, commandListeners=[], codecRegistry=ProvidersCodecRegistry{codecProviders=[ValueCodecProvider{}, BsonValueCodecProvider{}, DBRefCodecProvider{}, DBObjectCodecProvider{}, DocumentCodecProvider{}, CollectionCodecProvider{}, IterableCodecProvider{}, MapCodecProvider{}, GeoJsonCodecProvider{}, GridFSFileCodecProvider{}, Jsr310CodecProvider{}, JsonObjectCodecProvider{}, BsonCodecProvider{}, EnumCodecProvider{}, com.mongodb.client.model.mql.ExpressionCodecProvider@348137e8, com.mongodb.Jep395RecordCodecProvider@412c5e8b, com.mongodb.KotlinCodecProvider@637791d]}, loggerSettings=LoggerSettings{maxDocumentLength=1000}, clusterSettings={hosts=[localhost:27017], srvServiceName=mongodb, mode=SINGLE, requiredClusterType=UNKNOWN, requiredReplicaSetName='null', serverSelector='null', clusterListeners='[]', serverSelectionTimeout='30000 ms', localThreshold='15 ms'}, socketSettings=SocketSettings{connectTimeoutMS=10000, readTimeoutMS=0, receiveBufferSize=0, proxySettings=ProxySettings{host=null, port=null, username=null, password=null}}, heartbeatSocketSettings=SocketSettings{connectTimeoutMS=10000, readTimeoutMS=10000, receiveBufferSize=0, proxySettings=ProxySettings{host=null, port=null, username=null, password=null}}, connectionPoolSettings=ConnectionPoolSettings{maxSize=100, minSize=0, maxWaitTimeMS=120000, maxConnectionLifeTimeMS=0, maxConnectionIdleTimeMS=0, maintenanceInitialDelayMS=0, maintenanceFrequencyMS=60000, connectionPoolListeners=[], maxConnecting=2}, serverSettings=ServerSettings{heartbeatFrequencyMS=10000, minHeartbeatFrequencyMS=500, serverListeners='[]', serverMonitorListeners='[]'}, sslSettings=SslSettings{enabled=false, invalidHostNameAllowed=false, context=null}, applicationName='null', compressorList=[], uuidRepresentation=JAVA_LEGACY, serverApi=null, autoEncryptionSettings=null, dnsClient=null, inetAddressResolver=null, contextProvider=null}
2024-12-27T22:19:43.075+03:00  INFO 9350 --- [Howudoin] [localhost:27017] org.mongodb.driver.cluster               : Monitor thread successfully connected to server with description ServerDescription{address=localhost:27017, type=STANDALONE, state=CONNECTED, ok=true, minWireVersion=0, maxWireVersion=21, maxDocumentSize=16777216, logicalSessionTimeoutMinutes=30, roundTripTimeNanos=6912167}
2024-12-27T22:19:43.354+03:00  INFO 9350 --- [Howudoin] [    Test worker] o.s.s.web.DefaultSecurityFilterChain     : Will secure any request with [org.springframework.security.web.session.DisableEncodeUrlFilter@2c0798bd, org.springframework.security.web.context.request.async.WebAsyncManagerIntegrationFilter@2e3252, org.springframework.security.web.context.SecurityContextHolderFilter@1bfa5a13, org.springframework.security.web.header.HeaderWriterFilter@628ba266, org.springframework.web.filter.CorsFilter@77cddc0c, org.springframework.security.web.authentication.logout.LogoutFilter@2a2b7a35, edu.sabanciuniv.howudoin.JwtRequestFilter@671d97bc, org.springframework.security.web.savedrequest.RequestCacheAwareFilter@1da75dde, org.springframework.security.web.servletapi.SecurityContextHolderAwareRequestFilter@5c5f0edc, org.springframework.security.web.authentication.AnonymousAuthenticationFilter@774f2992, org.springframework.security.web.session.SessionManagementFilter@36f6d25c, org.springframework.security.web.access.ExceptionTranslationFilter@40f9f60d, org.springframework.security.web.access.intercept.AuthorizationFilter@349312d5]
2024-12-27T22:19:43.442+03:00  INFO 9350 --- [Howudoin] [    Test worker] e.s.howudoin.HowudoinApplicationTests    : Started HowudoinApplicationTests in 0.976 seconds (process running for 1.423)
]]></system-out>
  <system-err><![CDATA[]]></system-err>
</testsuite>
